

Started GET "/assets/rails.png" for 127.0.0.1 at 2012-04-21 09:58:17 +0100
Served asset /rails.png - 200 OK (50ms)


Started GET "/assets/rails.png" for 127.0.0.1 at 2012-04-21 10:09:14 +0100
Served asset /rails.png - 304 Not Modified (45ms)


Started GET "/home/index" for 127.0.0.1 at 2012-04-21 10:09:36 +0100
Processing by HomeController#index as HTML
  Rendered home/index.html.erb within layouts/application (7.0ms)
Compiled home.css  (62ms)  (pid 3325)
Compiled application.css  (80ms)  (pid 3325)
Compiled jquery.js  (7ms)  (pid 3325)
Compiled jquery_ujs.js  (0ms)  (pid 3325)
Compiled home.js  (346ms)  (pid 3325)
Compiled application.js  (467ms)  (pid 3325)
Completed 200 OK in 849ms (Views: 847.5ms | ActiveRecord: 0.0ms)


Started GET "/assets/application.css?body=1" for 127.0.0.1 at 2012-04-21 10:09:37 +0100
Served asset /application.css - 200 OK (74ms)


Started GET "/assets/jquery_ujs.js?body=1" for 127.0.0.1 at 2012-04-21 10:09:37 +0100
Served asset /jquery_ujs.js - 200 OK (27ms)


Started GET "/assets/home.css?body=1" for 127.0.0.1 at 2012-04-21 10:09:37 +0100
Served asset /home.css - 200 OK (17ms)


Started GET "/assets/home.js?body=1" for 127.0.0.1 at 2012-04-21 10:09:37 +0100
Served asset /home.js - 200 OK (18ms)


Started GET "/assets/jquery.js?body=1" for 127.0.0.1 at 2012-04-21 10:09:37 +0100
Served asset /jquery.js - 200 OK (36ms)


Started GET "/assets/application.js?body=1" for 127.0.0.1 at 2012-04-21 10:09:37 +0100
Served asset /application.js - 200 OK (107ms)


Started GET "/home" for 127.0.0.1 at 2012-04-21 10:09:43 +0100

ActionController::RoutingError (No route matches [GET] "/home"):
  actionpack (3.2.3) lib/action_dispatch/middleware/debug_exceptions.rb:21:in `call'
  actionpack (3.2.3) lib/action_dispatch/middleware/show_exceptions.rb:56:in `call'
  railties (3.2.3) lib/rails/rack/logger.rb:26:in `call_app'
  railties (3.2.3) lib/rails/rack/logger.rb:16:in `call'
  actionpack (3.2.3) lib/action_dispatch/middleware/request_id.rb:22:in `call'
  rack (1.4.1) lib/rack/methodoverride.rb:21:in `call'
  rack (1.4.1) lib/rack/runtime.rb:17:in `call'
  activesupport (3.2.3) lib/active_support/cache/strategy/local_cache.rb:72:in `call'
  rack (1.4.1) lib/rack/lock.rb:15:in `call'
  actionpack (3.2.3) lib/action_dispatch/middleware/static.rb:62:in `call'
  railties (3.2.3) lib/rails/engine.rb:479:in `call'
  railties (3.2.3) lib/rails/application.rb:220:in `call'
  rack (1.4.1) lib/rack/content_length.rb:14:in `call'
  railties (3.2.3) lib/rails/rack/log_tailer.rb:14:in `call'
  rack (1.4.1) lib/rack/handler/webrick.rb:59:in `service'
  /home/user/.rvm/rubies/ruby-1.9.3-p125/lib/ruby/1.9.1/webrick/httpserver.rb:138:in `service'
  /home/user/.rvm/rubies/ruby-1.9.3-p125/lib/ruby/1.9.1/webrick/httpserver.rb:94:in `run'
  /home/user/.rvm/rubies/ruby-1.9.3-p125/lib/ruby/1.9.1/webrick/server.rb:191:in `block in start_thread'


  Rendered /home/user/.rvm/gems/ruby-1.9.3-p125/gems/actionpack-3.2.3/lib/action_dispatch/middleware/templates/rescues/routing_error.erb within rescues/layout (1.4ms)


Started GET "/home/index" for 127.0.0.1 at 2012-04-21 10:09:47 +0100
Processing by HomeController#index as HTML
  Rendered home/index.html.erb within layouts/application (0.1ms)
Completed 200 OK in 83ms (Views: 82.6ms | ActiveRecord: 0.0ms)


Started GET "/assets/application.css?body=1" for 127.0.0.1 at 2012-04-21 10:09:48 +0100
Served asset /application.css - 304 Not Modified (35ms)


Started GET "/assets/home.css?body=1" for 127.0.0.1 at 2012-04-21 10:09:48 +0100
Served asset /home.css - 304 Not Modified (0ms)


Started GET "/assets/home.js?body=1" for 127.0.0.1 at 2012-04-21 10:09:48 +0100
Served asset /home.js - 304 Not Modified (0ms)


Started GET "/assets/jquery_ujs.js?body=1" for 127.0.0.1 at 2012-04-21 10:09:48 +0100
Served asset /jquery_ujs.js - 304 Not Modified (11ms)


Started GET "/assets/jquery.js?body=1" for 127.0.0.1 at 2012-04-21 10:09:48 +0100
Served asset /jquery.js - 304 Not Modified (1ms)


Started GET "/assets/application.js?body=1" for 127.0.0.1 at 2012-04-21 10:09:48 +0100
Served asset /application.js - 304 Not Modified (1ms)


Started GET "/assets/rails.png" for 127.0.0.1 at 2012-04-21 10:15:47 +0100
Served asset /rails.png - 304 Not Modified (0ms)


Started GET "/assets/rails.png" for 127.0.0.1 at 2012-04-21 10:15:50 +0100
Served asset /rails.png - 304 Not Modified (0ms)


Started GET "/assets/rails.png" for 127.0.0.1 at 2012-04-21 10:16:29 +0100
Served asset /rails.png - 304 Not Modified (11ms)


Started GET "/assets/rails.png" for 127.0.0.1 at 2012-04-21 10:16:34 +0100
Served asset /rails.png - 304 Not Modified (0ms)


Started GET "/assets/rails.png" for 127.0.0.1 at 2012-04-21 10:16:37 +0100
Served asset /rails.png - 304 Not Modified (0ms)


Started GET "/assets/rails.png" for 127.0.0.1 at 2012-04-21 10:16:39 +0100
Served asset /rails.png - 304 Not Modified (0ms)


Started GET "/" for 127.0.0.1 at 2012-04-21 10:17:12 +0100
Processing by HomeController#index as HTML
  Rendered home/index.html.erb within layouts/application (44.6ms)
Completed 200 OK in 551ms (Views: 539.1ms | ActiveRecord: 0.0ms)


Started GET "/assets/application.css?body=1" for 127.0.0.1 at 2012-04-21 10:17:14 +0100
Served asset /application.css - 304 Not Modified (391ms)


Started GET "/assets/jquery_ujs.js?body=1" for 127.0.0.1 at 2012-04-21 10:17:14 +0100
Served asset /jquery_ujs.js - 304 Not Modified (57ms)


Started GET "/assets/jquery.js?body=1" for 127.0.0.1 at 2012-04-21 10:17:14 +0100
Served asset /jquery.js - 304 Not Modified (267ms)


Started GET "/assets/home.css?body=1" for 127.0.0.1 at 2012-04-21 10:17:15 +0100
Served asset /home.css - 304 Not Modified (22ms)


Started GET "/assets/home.js?body=1" for 127.0.0.1 at 2012-04-21 10:17:15 +0100
Served asset /home.js - 304 Not Modified (2ms)


Started GET "/assets/application.js?body=1" for 127.0.0.1 at 2012-04-21 10:17:15 +0100
Served asset /application.js - 304 Not Modified (135ms)
